<?xml version="1.0" encoding="UTF-8"?>
<testng-results skipped="0" failed="0" ignored="0" total="3" passed="3">
  <reporter-output>
  </reporter-output>
  <suite name="Default suite" duration-ms="7989" started-at="2017-02-27T10:08:01Z" finished-at="2017-02-27T10:08:09Z">
    <groups>
    </groups>
    <test name="Default test" duration-ms="7989" started-at="2017-02-27T10:08:01Z" finished-at="2017-02-27T10:08:09Z">
      <class name="google.api.test.PlaceAddDelete">
        <test-method status="PASS" signature="successfulPOSTRequestAdd()[pri:1, instance:google.api.test.PlaceAddDelete@4439f31e]" name="successfulPOSTRequestAdd" duration-ms="3500" started-at="2017-02-27T13:08:01Z" description="Successful Place Add" finished-at="2017-02-27T13:08:04Z">
          <reporter-output>
          </reporter-output>
        </test-method> <!-- successfulPOSTRequestAdd -->
        <test-method status="PASS" signature="successfulPOSTRequestDelete()[pri:2, instance:google.api.test.PlaceAddDelete@4439f31e]" name="successfulPOSTRequestDelete" duration-ms="2035" started-at="2017-02-27T13:08:04Z" description="Successful Place Delete" finished-at="2017-02-27T13:08:06Z">
          <reporter-output>
          </reporter-output>
        </test-method> <!-- successfulPOSTRequestDelete -->
        <test-method status="PASS" signature="alreadyDeletedPOSTRequestDelete()[pri:3, instance:google.api.test.PlaceAddDelete@4439f31e]" name="alreadyDeletedPOSTRequestDelete" duration-ms="2436" started-at="2017-02-27T13:08:06Z" description="status message for already deleted place in response body" depends-on-methods="google.api.test.PlaceAddDelete.successfulPOSTRequestDelete" finished-at="2017-02-27T13:08:09Z">
          <reporter-output>
          </reporter-output>
        </test-method> <!-- alreadyDeletedPOSTRequestDelete -->
      </class> <!-- google.api.test.PlaceAddDelete -->
    </test> <!-- Default test -->
  </suite> <!-- Default suite -->
</testng-results>
