<?xml version="1.0" encoding="UTF-8"?>
<!-- Generated by org.testng.reporters.JUnitXMLReporter -->
<testsuite hostname="AND0026" ignored="0" name="Default test" tests="3" failures="0" timestamp="27 Şub 2017 10:08:09 GMT" time="7.989" errors="0">
  <testcase name="successfulPOSTRequestAdd" time="3.5" classname="google.api.test.PlaceAddDelete"/>
  <testcase name="successfulPOSTRequestDelete" time="2.035" classname="google.api.test.PlaceAddDelete"/>
  <testcase name="alreadyDeletedPOSTRequestDelete" time="2.436" classname="google.api.test.PlaceAddDelete"/>
</testsuite> <!-- Default test -->
