<?xml version="1.0" encoding="UTF-8"?>
<!-- Generated by org.testng.reporters.JUnitReportReporter -->
<testsuite name="google.api.test.PlaceDetails" tests="9" time="14.887" ignored="0" failures="0" timestamp="27 Şub 2017 10:13:07 GMT" skipped="0" hostname="AND0026" errors="0">
  <testcase name="getRequestInvalidParams" time="1.628" classname="google.api.test.PlaceDetails"/>
  <testcase name="getRequestInvalidAPIKey" time="1.630" classname="google.api.test.PlaceDetails"/>
  <testcase name="getRequestValidParams" time="1.682" classname="google.api.test.PlaceDetails"/>
  <testcase name="getRequestInvalidPlaceID" time="1.632" classname="google.api.test.PlaceDetails"/>
  <testcase name="getRequestMissingPlaceID" time="1.652" classname="google.api.test.PlaceDetails"/>
  <testcase name="getRequestMissingAPIKey" time="1.669" classname="google.api.test.PlaceDetails"/>
  <testcase name="getRequestEmptyPlaceID" time="1.630" classname="google.api.test.PlaceDetails"/>
  <testcase name="getRequestDifferentPlaceID" time="1.726" classname="google.api.test.PlaceDetails"/>
  <testcase name="getRequestEmptyAPIKey" time="1.638" classname="google.api.test.PlaceDetails"/>
</testsuite> <!-- google.api.test.PlaceDetails -->
