<?xml version="1.0" encoding="UTF-8"?>
<!-- Generated by org.testng.reporters.JUnitReportReporter -->
<testsuite name="google.api.test.PlaceAddDelete" tests="3" time="5.054" ignored="0" failures="0" timestamp="27 Şub 2017 10:13:07 GMT" skipped="0" hostname="AND0026" errors="0">
  <testcase name="successfulPOSTRequestAdd" time="1.691" classname="google.api.test.PlaceAddDelete"/>
  <testcase name="successfulPOSTRequestDelete" time="1.661" classname="google.api.test.PlaceAddDelete"/>
  <testcase name="alreadyDeletedPOSTRequestDelete" time="1.702" classname="google.api.test.PlaceAddDelete"/>
</testsuite> <!-- google.api.test.PlaceAddDelete -->
