<?xml version="1.0" encoding="UTF-8"?>
<!-- Generated by org.testng.reporters.JUnitXMLReporter -->
<testsuite hostname="AND0026" ignored="0" name="Test" tests="15" failures="3" timestamp="14 Şub 2017 14:04:06 GMT" time="14.294" errors="0">
  <testcase name="getRequestLanguageEnglish" time="3.696" classname="google.api.test.PlaceSearch"/>
  <testcase name="getRequestLanguageTurkish" time="0.981" classname="google.api.test.PlaceSearch"/>
  <testcase name="getRequestRadiusGreaterThan5000" time="1.126" classname="google.api.test.PlaceSearch">
    <failure type="java.lang.AssertionError" message="1 expectation failed.
JSON path status doesn&amp;apos;t match.
Expected: INVALID_REQUEST
  Actual: OK
">
      <![CDATA[java.lang.AssertionError: 1 expectation failed.
JSON path status doesn't match.
Expected: INVALID_REQUEST
  Actual: OK

	at org.codehaus.groovy.runtime.callsite.ConstructorSite$ConstructorSiteNoUnwrap.callConstructor(ConstructorSite.java:84)
	at org.codehaus.groovy.runtime.callsite.CallSiteArray.defaultCallConstructor(CallSiteArray.java:60)
	at org.codehaus.groovy.runtime.callsite.AbstractCallSite.callConstructor(AbstractCallSite.java:235)
	at org.codehaus.groovy.runtime.callsite.AbstractCallSite.callConstructor(AbstractCallSite.java:247)
	at io.restassured.internal.ResponseSpecificationImpl$HamcrestAssertionClosure.validate(ResponseSpecificationImpl.groovy:471)
	at io.restassured.internal.ResponseSpecificationImpl$HamcrestAssertionClosure$validate$1.call(Unknown Source)
	at io.restassured.internal.ResponseSpecificationImpl.validateResponseIfRequired(ResponseSpecificationImpl.groovy:636)
	at org.codehaus.groovy.runtime.callsite.PogoMetaMethodSite$PogoCachedMethodSiteNoUnwrapNoCoerce.invoke(PogoMetaMethodSite.java:210)
	at org.codehaus.groovy.runtime.callsite.PogoMetaMethodSite.callCurrent(PogoMetaMethodSite.java:59)
	at org.codehaus.groovy.runtime.callsite.AbstractCallSite.callCurrent(AbstractCallSite.java:166)
	at io.restassured.internal.ResponseSpecificationImpl.content(ResponseSpecificationImpl.groovy:265)
	at io.restassured.specification.ResponseSpecification$content$1.callCurrent(Unknown Source)
	at io.restassured.internal.ResponseSpecificationImpl.body(ResponseSpecificationImpl.groovy:248)
	at io.restassured.internal.ValidatableResponseOptionsImpl.body(ValidatableResponseOptionsImpl.java:268)
	at google.api.test.PlaceSearch.getRequestRadiusGreaterThan5000(PlaceSearch.java:62)
... Removed 35 stack frames]]>
    </failure>
  </testcase> <!-- getRequestRadiusGreaterThan5000 -->
  <testcase name="getRequestDifferentPlaceID" time="0.741" classname="google.api.test.PlaceDetails"/>
  <testcase name="getRequestEmptyAPIKey" time="0.675" classname="google.api.test.PlaceDetails"/>
  <testcase name="getRequestEmptyPlaceID" time="0.597" classname="google.api.test.PlaceDetails"/>
  <testcase name="getRequestInvalidAPIKey" time="0.587" classname="google.api.test.PlaceDetails"/>
  <testcase name="getRequestInvalidParams" time="0.895" classname="google.api.test.PlaceDetails"/>
  <testcase name="getRequestInvalidPlaceID" time="0.805" classname="google.api.test.PlaceDetails"/>
  <testcase name="getRequestMissingAPIKey" time="0.765" classname="google.api.test.PlaceDetails"/>
  <testcase name="getRequestMissingPlaceID" time="0.677" classname="google.api.test.PlaceDetails"/>
  <testcase name="getRequestValidParams" time="0.918" classname="google.api.test.PlaceDetails"/>
  <testcase name="successfulPOSTRequestAdd" time="1.011" classname="google.api.test.PlaceAddDelete">
    <failure type="java.lang.AssertionError" message="1 expectation failed.
XML path status doesn&amp;apos;t match.
Expected: OK
  Actual: OKCkQxAAAARJEWNk2uOS7eLaQjBNjvnJkxX4cdSBilWu5NhYE1QqIDH3pqa8cIv7zl1BXyNZGGQHLsVhBfub7ccAYiYCaiKBIQUUK26ZICtNO7mUkNlw-31RoUFrpRL88wHAr8neZKHR-iN5ARXik3a71d3f81a35ed69aafc5f28671768f6e5363d6fqgYvCi0wMDAwMDAxMjVjOTBmNjRhOjZiMTJhZTM3YjQ3OmUxMzNiYmUzYTFhM2QyYmIAPP
">
      <![CDATA[java.lang.AssertionError: 1 expectation failed.
XML path status doesn't match.
Expected: OK
  Actual: OKCkQxAAAARJEWNk2uOS7eLaQjBNjvnJkxX4cdSBilWu5NhYE1QqIDH3pqa8cIv7zl1BXyNZGGQHLsVhBfub7ccAYiYCaiKBIQUUK26ZICtNO7mUkNlw-31RoUFrpRL88wHAr8neZKHR-iN5ARXik3a71d3f81a35ed69aafc5f28671768f6e5363d6fqgYvCi0wMDAwMDAxMjVjOTBmNjRhOjZiMTJhZTM3YjQ3OmUxMzNiYmUzYTFhM2QyYmIAPP

	at org.codehaus.groovy.runtime.callsite.ConstructorSite$ConstructorSiteNoUnwrap.callConstructor(ConstructorSite.java:84)
	at org.codehaus.groovy.runtime.callsite.AbstractCallSite.callConstructor(AbstractCallSite.java:247)
	at io.restassured.internal.ResponseSpecificationImpl$HamcrestAssertionClosure.validate(ResponseSpecificationImpl.groovy:471)
	at io.restassured.internal.ResponseSpecificationImpl$HamcrestAssertionClosure$validate$1.call(Unknown Source)
	at io.restassured.internal.RequestSpecificationImpl.applyPathParamsAndSendRequest(RequestSpecificationImpl.groovy:1723)
	at groovy.lang.MetaMethod.doMethodInvoke(MetaMethod.java:325)
	at groovy.lang.MetaClassImpl.invokeMethod(MetaClassImpl.java:1212)
	at groovy.lang.MetaClassImpl.invokeMethod(MetaClassImpl.java:1021)
	at groovy.lang.MetaClassImpl.invokeMethod(MetaClassImpl.java:812)
	at io.restassured.internal.RequestSpecificationImpl.invokeMethod(RequestSpecificationImpl.groovy)
	at org.codehaus.groovy.runtime.callsite.PogoInterceptableSite.call(PogoInterceptableSite.java:48)
	at org.codehaus.groovy.runtime.callsite.PogoInterceptableSite.callCurrent(PogoInterceptableSite.java:58)
	at org.codehaus.groovy.runtime.callsite.AbstractCallSite.callCurrent(AbstractCallSite.java:182)
	at io.restassured.internal.RequestSpecificationImpl.applyPathParamsAndSendRequest(RequestSpecificationImpl.groovy:1728)
	at groovy.lang.MetaMethod.doMethodInvoke(MetaMethod.java:325)
	at groovy.lang.MetaClassImpl.invokeMethod(MetaClassImpl.java:1212)
	at groovy.lang.MetaClassImpl.invokeMethod(MetaClassImpl.java:1021)
	at groovy.lang.MetaClassImpl.invokeMethod(MetaClassImpl.java:812)
	at io.restassured.internal.RequestSpecificationImpl.invokeMethod(RequestSpecificationImpl.groovy)
	at org.codehaus.groovy.runtime.callsite.PogoInterceptableSite.call(PogoInterceptableSite.java:48)
	at org.codehaus.groovy.runtime.callsite.PogoInterceptableSite.callCurrent(PogoInterceptableSite.java:58)
	at org.codehaus.groovy.runtime.callsite.CallSiteArray.defaultCallCurrent(CallSiteArray.java:52)
	at org.codehaus.groovy.runtime.callsite.AbstractCallSite.callCurrent(AbstractCallSite.java:154)
	at org.codehaus.groovy.runtime.callsite.AbstractCallSite.callCurrent(AbstractCallSite.java:182)
	at io.restassured.internal.RequestSpecificationImpl.post(RequestSpecificationImpl.groovy:172)
	at io.restassured.internal.RequestSpecificationImpl.post(RequestSpecificationImpl.groovy)
	at google.api.test.PlaceAddDelete.successfulPOSTRequestAdd(PlaceAddDelete.java:20)
... Removed 41 stack frames]]>
    </failure>
  </testcase> <!-- successfulPOSTRequestAdd -->
  <testcase name="successfulPOSTRequestDelete" time="0.762" classname="google.api.test.PlaceAddDelete">
    <failure type="java.lang.AssertionError" message="1 expectation failed.
XML path status doesn&amp;apos;t match.
Expected: OK
  Actual: INVALID_REQUEST
">
      <![CDATA[java.lang.AssertionError: 1 expectation failed.
XML path status doesn't match.
Expected: OK
  Actual: INVALID_REQUEST

	at org.codehaus.groovy.runtime.callsite.ConstructorSite$ConstructorSiteNoUnwrap.callConstructor(ConstructorSite.java:84)
	at org.codehaus.groovy.runtime.callsite.AbstractCallSite.callConstructor(AbstractCallSite.java:247)
	at io.restassured.internal.ResponseSpecificationImpl$HamcrestAssertionClosure.validate(ResponseSpecificationImpl.groovy:471)
	at io.restassured.internal.ResponseSpecificationImpl$HamcrestAssertionClosure$validate$1.call(Unknown Source)
	at io.restassured.internal.RequestSpecificationImpl.applyPathParamsAndSendRequest(RequestSpecificationImpl.groovy:1723)
	at groovy.lang.MetaMethod.doMethodInvoke(MetaMethod.java:325)
	at groovy.lang.MetaClassImpl.invokeMethod(MetaClassImpl.java:1212)
	at groovy.lang.MetaClassImpl.invokeMethod(MetaClassImpl.java:1021)
	at groovy.lang.MetaClassImpl.invokeMethod(MetaClassImpl.java:812)
	at io.restassured.internal.RequestSpecificationImpl.invokeMethod(RequestSpecificationImpl.groovy)
	at org.codehaus.groovy.runtime.callsite.PogoInterceptableSite.call(PogoInterceptableSite.java:48)
	at org.codehaus.groovy.runtime.callsite.PogoInterceptableSite.callCurrent(PogoInterceptableSite.java:58)
	at org.codehaus.groovy.runtime.callsite.AbstractCallSite.callCurrent(AbstractCallSite.java:182)
	at io.restassured.internal.RequestSpecificationImpl.applyPathParamsAndSendRequest(RequestSpecificationImpl.groovy:1728)
	at groovy.lang.MetaMethod.doMethodInvoke(MetaMethod.java:325)
	at groovy.lang.MetaClassImpl.invokeMethod(MetaClassImpl.java:1212)
	at groovy.lang.MetaClassImpl.invokeMethod(MetaClassImpl.java:1021)
	at groovy.lang.MetaClassImpl.invokeMethod(MetaClassImpl.java:812)
	at io.restassured.internal.RequestSpecificationImpl.invokeMethod(RequestSpecificationImpl.groovy)
	at org.codehaus.groovy.runtime.callsite.PogoInterceptableSite.call(PogoInterceptableSite.java:48)
	at org.codehaus.groovy.runtime.callsite.PogoInterceptableSite.callCurrent(PogoInterceptableSite.java:58)
	at org.codehaus.groovy.runtime.callsite.AbstractCallSite.callCurrent(AbstractCallSite.java:182)
	at io.restassured.internal.RequestSpecificationImpl.post(RequestSpecificationImpl.groovy:172)
	at io.restassured.internal.RequestSpecificationImpl.post(RequestSpecificationImpl.groovy)
	at google.api.test.PlaceAddDelete.successfulPOSTRequestDelete(PlaceAddDelete.java:39)
... Removed 41 stack frames]]>
    </failure>
  </testcase> <!-- successfulPOSTRequestDelete -->
  <testcase name="alreadyDeletedPOSTRequestDelete" time="0.0" classname="google.api.test.PlaceAddDelete">
    <skipped/>
  </testcase> <!-- alreadyDeletedPOSTRequestDelete -->
</testsuite> <!-- Test -->
