<?xml version="1.0" encoding="UTF-8"?>
<!-- Generated by org.testng.reporters.JUnitReportReporter -->
<testsuite name="google.api.test.PlaceAddDelete" tests="3" time="7.971" ignored="0" failures="0" timestamp="27 Şub 2017 10:08:09 GMT" skipped="0" hostname="AND0026" errors="0">
  <testcase name="alreadyDeletedPOSTRequestDelete" time="2.436" classname="google.api.test.PlaceAddDelete"/>
  <testcase name="successfulPOSTRequestDelete" time="2.035" classname="google.api.test.PlaceAddDelete"/>
  <testcase name="successfulPOSTRequestAdd" time="3.500" classname="google.api.test.PlaceAddDelete"/>
</testsuite> <!-- google.api.test.PlaceAddDelete -->
