<?xml version="1.0" encoding="UTF-8"?>
<!-- Generated by org.testng.reporters.JUnitReportReporter -->
<testsuite name="google.api.test.PlaceDetails" tests="9" time="6.660" ignored="0" failures="0" timestamp="14 Şub 2017 14:04:06 GMT" skipped="0" hostname="AND0026" errors="0">
  <testcase name="getRequestInvalidParams" time="0.895" classname="google.api.test.PlaceDetails"/>
  <testcase name="getRequestValidParams" time="0.918" classname="google.api.test.PlaceDetails"/>
  <testcase name="getRequestDifferentPlaceID" time="0.741" classname="google.api.test.PlaceDetails"/>
  <testcase name="getRequestEmptyPlaceID" time="0.597" classname="google.api.test.PlaceDetails"/>
  <testcase name="getRequestInvalidPlaceID" time="0.805" classname="google.api.test.PlaceDetails"/>
  <testcase name="getRequestInvalidAPIKey" time="0.587" classname="google.api.test.PlaceDetails"/>
  <testcase name="getRequestEmptyAPIKey" time="0.675" classname="google.api.test.PlaceDetails"/>
  <testcase name="getRequestMissingAPIKey" time="0.765" classname="google.api.test.PlaceDetails"/>
  <testcase name="getRequestMissingPlaceID" time="0.677" classname="google.api.test.PlaceDetails"/>
</testsuite> <!-- google.api.test.PlaceDetails -->
