<?xml version="1.0" encoding="UTF-8"?>
<!-- Generated by org.testng.reporters.JUnitReportReporter -->
<testsuite name="google.api.test.PlaceDetails" tests="9" time="3.178" ignored="0" failures="0" timestamp="14 Şub 2017 01:53:33 GMT" skipped="0" hostname="Samsung-Pc" errors="0">
  <testcase name="getRequestMissingAPIKey" time="0.332" classname="google.api.test.PlaceDetails"/>
  <testcase name="getRequestDifferentPlaceID" time="0.421" classname="google.api.test.PlaceDetails"/>
  <testcase name="getRequestEmptyAPIKey" time="0.383" classname="google.api.test.PlaceDetails"/>
  <testcase name="getRequestInvalidAPIKey" time="0.313" classname="google.api.test.PlaceDetails"/>
  <testcase name="getRequestInvalidPlaceID" time="0.287" classname="google.api.test.PlaceDetails"/>
  <testcase name="getRequestMissingPlaceID" time="0.274" classname="google.api.test.PlaceDetails"/>
  <testcase name="getRequestInvalidParams" time="0.348" classname="google.api.test.PlaceDetails"/>
  <testcase name="getRequestValidParams" time="0.475" classname="google.api.test.PlaceDetails"/>
  <testcase name="getRequestEmptyPlaceID" time="0.345" classname="google.api.test.PlaceDetails"/>
</testsuite> <!-- google.api.test.PlaceDetails -->
